Using pre-set license
Built from '2021.1/staging' branch; Version is '2021.1.5f1 (3737af19df53) revision 3618735'; Using compiler version '192528614'; Build Type 'Release'
OS: 'Windows 10 Pro; OS build 19042.985; Version 2009; 64bit' Language: 'pt' Physical Memory: 12230 MB
BatchMode: 1, IsHumanControllingUs: 0, StartBugReporterOnCrash: 0, Is64bit: 1, IsPro: 0

 COMMAND LINE ARGUMENTS:
D:\Unity\2021.1.5f1\Editor\Unity.exe
-adb2
-batchMode
-noUpm
-name
AssetImportWorker0
-projectPath
C:/Users/gianc/Documents/2021-1-JD-Eq3/Icarus-master
-logFile
Logs/AssetImportWorker0.log
-srvPort
57271
Successfully changed project path to: C:/Users/gianc/Documents/2021-1-JD-Eq3/Icarus-master
C:/Users/gianc/Documents/2021-1-JD-Eq3/Icarus-master
Using Asset Import Pipeline V2.
Refreshing native plugins compatible for Editor in 105.04 ms, found 0 plugins.
Preloading 0 native plugins for Editor in 0.00 ms.
Initialize engine version: 2021.1.5f1 (3737af19df53)
[Subsystems] Discovering subsystems at path D:/Unity/2021.1.5f1/Editor/Data/Resources/UnitySubsystems
[Subsystems] Discovering subsystems at path C:/Users/gianc/Documents/2021-1-JD-Eq3/Icarus-master/Assets
GfxDevice: creating device client; threaded=0; jobified=0
Direct3D:
    Version:  Direct3D 11.0 [level 11.1]
    Renderer: NVIDIA GeForce GTX 970 (ID=0x13c2)
    Vendor:   NVIDIA
    VRAM:     4043 MB
    Driver:   27.21.14.5671
Shader 'ASESampleShaders/Terrain/TerrainSnowCoverageFirstPass': dependency 'BaseMapShader' shader 'ASESampleShaders/TerrainBase' not found
Initialize mono
Mono path[0] = 'D:/Unity/2021.1.5f1/Editor/Data/Managed'
Mono path[1] = 'D:/Unity/2021.1.5f1/Editor/Data/MonoBleedingEdge/lib/mono/unityjit'
Mono config path = 'D:/Unity/2021.1.5f1/Editor/Data/MonoBleedingEdge/etc'
Using monoOptions --debugger-agent=transport=dt_socket,embedding=1,server=y,suspend=n,address=127.0.0.1:56092
Begin MonoManager ReloadAssembly
Registering precompiled unity dll's ...
Register platform support module: D:/Unity/2021.1.5f1/Editor/Data/PlaybackEngines/WindowsStandaloneSupport/UnityEditor.WindowsStandalone.Extensions.dll
Registered in 0.001897 seconds.
Native extension for WindowsStandalone target not found
Refreshing native plugins compatible for Editor in 69.69 ms, found 0 plugins.
Preloading 0 native plugins for Editor in 0.00 ms.
Mono: successfully reloaded assembly
- Completed reload, in  1.125 seconds
Platform modules already initialized, skipping
Registering precompiled user dll's ...
Registered in 0.003595 seconds.
Begin MonoManager ReloadAssembly
Native extension for WindowsStandalone target not found
Refreshing native plugins compatible for Editor in 0.84 ms, found 0 plugins.
Preloading 0 native plugins for Editor in 0.00 ms.
Mono: successfully reloaded assembly
- Completed reload, in  1.115 seconds
Platform modules already initialized, skipping
========================================================================
Worker process is ready to serve import requests
Shader 'ASESampleShaders/Terrain/TerrainSnowCoverageFirstPass': dependency 'BaseMapShader' shader 'ASESampleShaders/TerrainBase' not found
Launched and connected shader compiler UnityShaderCompiler.exe after 0.10 seconds
Refreshing native plugins compatible for Editor in 0.94 ms, found 0 plugins.
Preloading 0 native plugins for Editor in 0.00 ms.
Unloading 2790 Unused Serialized files (Serialized files now loaded: 0)
System memory in use before: 201.1 MB.
System memory in use after: 199.5 MB.

Unloading 55 unused Assets to reduce memory usage. Loaded Objects now: 3225.
Total: 7.862200 ms (FindLiveObjects: 0.481000 ms CreateObjectMapping: 0.287500 ms MarkObjects: 6.336700 ms  DeleteObjects: 0.755600 ms)

========================================================================
Received Import Request.
  path: Assets/Toon_Soldiers/ToonSoldiers_2/models/Materials/ToonSoldiers_material.mat
  artifactKey: Guid(6ea5e410f03a4bf408df1fdaf4d87cd9) Importer(815301076,1909f56bfc062723c751e8b465ee728b)
Start importing Assets/Toon_Soldiers/ToonSoldiers_2/models/Materials/ToonSoldiers_material.mat using Guid(6ea5e410f03a4bf408df1fdaf4d87cd9) Importer(815301076,1909f56bfc062723c751e8b465ee728b)  -> (artifact id: 'b245c184e4d856bc46f3a4da3ce98b85') in 0.206370 seconds 
========================================================================
Received Import Request.
  Time since last request: 0.000260 seconds.
  path: Assets/Toon_Soldiers/ToonSoldiers_2/models/Materials/ToonSoldiers_weapons.mat
  artifactKey: Guid(c41ddf3f6d84a054d815ae5c9e99ad27) Importer(815301076,1909f56bfc062723c751e8b465ee728b)
Start importing Assets/Toon_Soldiers/ToonSoldiers_2/models/Materials/ToonSoldiers_weapons.mat using Guid(c41ddf3f6d84a054d815ae5c9e99ad27) Importer(815301076,1909f56bfc062723c751e8b465ee728b)  -> (artifact id: 'f331d95af83511a4b74a3e4eafe2709b') in 0.015102 seconds 
========================================================================
Received Import Request.
  Time since last request: 0.000226 seconds.
  path: Assets/Toon_Soldiers/ToonSoldiers_2/models/Materials/textures/TS_weapons_texture.tga
  artifactKey: Guid(d7fded7039786194cbc041ffce5d6189) Importer(815301076,1909f56bfc062723c751e8b465ee728b)
Start importing Assets/Toon_Soldiers/ToonSoldiers_2/models/Materials/textures/TS_weapons_texture.tga using Guid(d7fded7039786194cbc041ffce5d6189) Importer(815301076,1909f56bfc062723c751e8b465ee728b)  -> (artifact id: '762ef50213f21bdfe0c247e9c1aa423d') in 0.045322 seconds 
========================================================================
Received Import Request.
  Time since last request: 0.000248 seconds.
  path: Assets/Toon_Soldiers/ToonSoldiers_2/models/Materials/ToonSoldiers_equipment.mat
  artifactKey: Guid(84129433048be0546a7ee423cb15e7df) Importer(815301076,1909f56bfc062723c751e8b465ee728b)
Start importing Assets/Toon_Soldiers/ToonSoldiers_2/models/Materials/ToonSoldiers_equipment.mat using Guid(84129433048be0546a7ee423cb15e7df) Importer(815301076,1909f56bfc062723c751e8b465ee728b)  -> (artifact id: '0995147f7df7abf813d5b3f6e2fbd857') in 0.013035 seconds 
========================================================================
Received Import Request.
  Time since last request: 0.000309 seconds.
  path: Assets/Toon_Soldiers/ToonSoldiers_2/models/Materials
  artifactKey: Guid(4d31b27c97b087a4b881c8a5c8c4c7fa) Importer(815301076,1909f56bfc062723c751e8b465ee728b)
Start importing Assets/Toon_Soldiers/ToonSoldiers_2/models/Materials using Guid(4d31b27c97b087a4b881c8a5c8c4c7fa) Importer(815301076,1909f56bfc062723c751e8b465ee728b)  -> (artifact id: '369db697495d56e5b119a0beb5f7521d') in 0.007081 seconds 
========================================================================
Received Import Request.
  Time since last request: 0.000286 seconds.
  path: Assets/Toon_Soldiers/ToonSoldiers_2/models/Materials/textures/ToonSoldiers_texture_blue.tga
  artifactKey: Guid(076a9b2e83880b147a9f00b3592c1fb3) Importer(815301076,1909f56bfc062723c751e8b465ee728b)
Start importing Assets/Toon_Soldiers/ToonSoldiers_2/models/Materials/textures/ToonSoldiers_texture_blue.tga using Guid(076a9b2e83880b147a9f00b3592c1fb3) Importer(815301076,1909f56bfc062723c751e8b465ee728b)  -> (artifact id: '5f00ab7b4f10605754e933371db073b0') in 0.012264 seconds 
========================================================================
Received Import Request.
  Time since last request: 0.000246 seconds.
  path: Assets/Toon_Soldiers/ToonSoldiers_2/models/Materials/textures/TS_equipment_texture.tga
  artifactKey: Guid(3642de11d3b62d343973cf83114e1842) Importer(815301076,1909f56bfc062723c751e8b465ee728b)
Start importing Assets/Toon_Soldiers/ToonSoldiers_2/models/Materials/textures/TS_equipment_texture.tga using Guid(3642de11d3b62d343973cf83114e1842) Importer(815301076,1909f56bfc062723c751e8b465ee728b)  -> (artifact id: 'e7d5a52301b89fc77a22e57c33d6168a') in 0.012715 seconds 
========================================================================
Received Import Request.
  Time since last request: 38.689220 seconds.
  path: Assets/Graphics/Materials/Enemy 1.mat
  artifactKey: Guid(311f98c15ef6305428075578383ecee3) Importer(815301076,1909f56bfc062723c751e8b465ee728b)
Start importing Assets/Graphics/Materials/Enemy 1.mat using Guid(311f98c15ef6305428075578383ecee3) Importer(815301076,1909f56bfc062723c751e8b465ee728b)  -> (artifact id: 'cc4b93cd63d031a9d03ef023e3533a15') in 0.012939 seconds 
========================================================================
Received Import Request.
  Time since last request: 0.000229 seconds.
  path: Assets/Graphics/Materials/Floor.mat
  artifactKey: Guid(1ecf401055fb2d24d80d6e23226fe5ed) Importer(815301076,1909f56bfc062723c751e8b465ee728b)
Start importing Assets/Graphics/Materials/Floor.mat using Guid(1ecf401055fb2d24d80d6e23226fe5ed) Importer(815301076,1909f56bfc062723c751e8b465ee728b)  -> (artifact id: '4634dd5b640b6da9b9e8672993fb3900') in 0.011456 seconds 
========================================================================
Received Import Request.
  Time since last request: 0.000272 seconds.
  path: Assets/Graphics/Materials/Hero.mat
  artifactKey: Guid(7a0621afee3ebbe4a98168675f74d52c) Importer(815301076,1909f56bfc062723c751e8b465ee728b)
Start importing Assets/Graphics/Materials/Hero.mat using Guid(7a0621afee3ebbe4a98168675f74d52c) Importer(815301076,1909f56bfc062723c751e8b465ee728b)  -> (artifact id: '55ebb9103e64cb50611d074a496d8b51') in 0.011980 seconds 
========================================================================
Received Import Request.
  Time since last request: 0.000236 seconds.
  path: Assets/Graphics/Materials/Enemy.mat
  artifactKey: Guid(6522d79e8848fe24ca7059a9c6a18a73) Importer(815301076,1909f56bfc062723c751e8b465ee728b)
Start importing Assets/Graphics/Materials/Enemy.mat using Guid(6522d79e8848fe24ca7059a9c6a18a73) Importer(815301076,1909f56bfc062723c751e8b465ee728b)  -> (artifact id: '4478f951e33798ab68d81afc6f5d7ff8') in 0.011008 seconds 
========================================================================
Received Import Request.
  Time since last request: 7.172254 seconds.
  path: Assets/Prefabs/Heroes/Ranger.prefab
  artifactKey: Guid(4300617352000eb47b428ba4c4427582) Importer(815301076,1909f56bfc062723c751e8b465ee728b)
Start importing Assets/Prefabs/Heroes/Ranger.prefab using Guid(4300617352000eb47b428ba4c4427582) Importer(815301076,1909f56bfc062723c751e8b465ee728b)  -> (artifact id: '091ca9c947e2f16268f1b7b408e679e9') in 0.029820 seconds 
========================================================================
Received Prepare
Registering precompiled user dll's ...
Registered in 0.002871 seconds.
Begin MonoManager ReloadAssembly
Native extension for WindowsStandalone target not found
Refreshing native plugins compatible for Editor in 0.76 ms, found 0 plugins.
Preloading 0 native plugins for Editor in 0.00 ms.
Mono: successfully reloaded assembly
- Completed reload, in  0.860 seconds
Platform modules already initialized, skipping
Shader 'ASESampleShaders/Terrain/TerrainSnowCoverageFirstPass': dependency 'BaseMapShader' shader 'ASESampleShaders/TerrainBase' not found
Refreshing native plugins compatible for Editor in 0.79 ms, found 0 plugins.
Preloading 0 native plugins for Editor in 0.00 ms.
Unloading 2453 Unused Serialized files (Serialized files now loaded: 0)
System memory in use before: 173.9 MB.
System memory in use after: 172.4 MB.

Unloading 47 unused Assets to reduce memory usage. Loaded Objects now: 3317.
Total: 6.808900 ms (FindLiveObjects: 0.441800 ms CreateObjectMapping: 0.255400 ms MarkObjects: 5.419600 ms  DeleteObjects: 0.690900 ms)

========================================================================
Received Import Request.
  Time since last request: 459.096260 seconds.
  path: Assets/Graphics/Effects/FXProfile.asset
  artifactKey: Guid(ce62060dffcfc3a4ca502ea180a076b7) Importer(815301076,1909f56bfc062723c751e8b465ee728b)
Start importing Assets/Graphics/Effects/FXProfile.asset using Guid(ce62060dffcfc3a4ca502ea180a076b7) Importer(815301076,1909f56bfc062723c751e8b465ee728b)  -> (artifact id: 'b9100e2dab117909a16f09811d9ffece') in 0.044515 seconds 
========================================================================
Received Import Request.
  Time since last request: 0.000210 seconds.
  path: Assets/Graphics/Effects/TestTexture.renderTexture
  artifactKey: Guid(1cecdbea31b46054ca9f2834200dce0c) Importer(815301076,1909f56bfc062723c751e8b465ee728b)
Start importing Assets/Graphics/Effects/TestTexture.renderTexture using Guid(1cecdbea31b46054ca9f2834200dce0c) Importer(815301076,1909f56bfc062723c751e8b465ee728b)  -> (artifact id: '4a82c984c579bb59d623fabd28207d99') in 0.114969 seconds 
========================================================================
Received Import Request.
  Time since last request: 11.454875 seconds.
  path: Assets/Scripts/Player
  artifactKey: Guid(4a75c22f6c19a0246a075b90cce22d81) Importer(815301076,1909f56bfc062723c751e8b465ee728b)
Start importing Assets/Scripts/Player using Guid(4a75c22f6c19a0246a075b90cce22d81) Importer(815301076,1909f56bfc062723c751e8b465ee728b)  -> (artifact id: '79dfee5b6c572ab7df76282be0500ccc') in 0.007707 seconds 
========================================================================
Received Import Request.
  Time since last request: 0.983056 seconds.
  path: Assets/Scripts/Player/BasePlayer.cs
  artifactKey: Guid(48b05eb8a148f2a4d99b4317e676a420) Importer(815301076,1909f56bfc062723c751e8b465ee728b)
Start importing Assets/Scripts/Player/BasePlayer.cs using Guid(48b05eb8a148f2a4d99b4317e676a420) Importer(815301076,1909f56bfc062723c751e8b465ee728b)  -> (artifact id: 'c66d5ab2c75760bad311c0d2ff9e2468') in 0.186544 seconds 
========================================================================
Received Import Request.
  Time since last request: 100.991424 seconds.
  path: Assets/Toon_Soldiers/ToonSoldiers_2/models/Materials/textures/ToonSoldiers_texture_brown.tga
  artifactKey: Guid(89f6922b540af944bb07ecf46e4b304c) Importer(815301076,1909f56bfc062723c751e8b465ee728b)
Start importing Assets/Toon_Soldiers/ToonSoldiers_2/models/Materials/textures/ToonSoldiers_texture_brown.tga using Guid(89f6922b540af944bb07ecf46e4b304c) Importer(815301076,1909f56bfc062723c751e8b465ee728b)  -> (artifact id: '8cefb42bfee3a7532e5f46b1844c5559') in 0.023936 seconds 
========================================================================
Received Import Request.
  Time since last request: 0.000261 seconds.
  path: Assets/Toon_Soldiers/ToonSoldiers_2/models/Materials/textures/ToonSoldiers_texture_white.tga
  artifactKey: Guid(8698527f68e84c4419ea07a175e5efbc) Importer(815301076,1909f56bfc062723c751e8b465ee728b)
Start importing Assets/Toon_Soldiers/ToonSoldiers_2/models/Materials/textures/ToonSoldiers_texture_white.tga using Guid(8698527f68e84c4419ea07a175e5efbc) Importer(815301076,1909f56bfc062723c751e8b465ee728b)  -> (artifact id: '4b431f659d538319f424510cc40724ff') in 0.025234 seconds 
========================================================================
Received Import Request.
  Time since last request: 0.000229 seconds.
  path: Assets/Toon_Soldiers/ToonSoldiers_2/models/Materials/textures/ToonSoldiers_texture_red.tga
  artifactKey: Guid(97778886190114f47b61ecc272b562b4) Importer(815301076,1909f56bfc062723c751e8b465ee728b)
Start importing Assets/Toon_Soldiers/ToonSoldiers_2/models/Materials/textures/ToonSoldiers_texture_red.tga using Guid(97778886190114f47b61ecc272b562b4) Importer(815301076,1909f56bfc062723c751e8b465ee728b)  -> (artifact id: 'da1d5f3674045cfe86fbe234cd28b996') in 0.021028 seconds 
========================================================================
Received Import Request.
  Time since last request: 0.000285 seconds.
  path: Assets/Toon_Soldiers/ToonSoldiers_2/models/Materials/textures/ToonSoldiers_texture_grey.tga
  artifactKey: Guid(3066a294a0273ce46a4c751a713bc797) Importer(815301076,1909f56bfc062723c751e8b465ee728b)
Start importing Assets/Toon_Soldiers/ToonSoldiers_2/models/Materials/textures/ToonSoldiers_texture_grey.tga using Guid(3066a294a0273ce46a4c751a713bc797) Importer(815301076,1909f56bfc062723c751e8b465ee728b)  -> (artifact id: '76238fef8d11235689b7e83e34dc1040') in 0.021357 seconds 
========================================================================
Received Import Request.
  Time since last request: 0.000247 seconds.
  path: Assets/Toon_Soldiers/ToonSoldiers_2/models/Materials/textures/ToonSoldiers_texture_green.tga
  artifactKey: Guid(dbe330c4e812a42459af52483aec98ed) Importer(815301076,1909f56bfc062723c751e8b465ee728b)
Start importing Assets/Toon_Soldiers/ToonSoldiers_2/models/Materials/textures/ToonSoldiers_texture_green.tga using Guid(dbe330c4e812a42459af52483aec98ed) Importer(815301076,1909f56bfc062723c751e8b465ee728b)  -> (artifact id: '3d6527c9f177ca51971fad69a585ec04') in 0.021312 seconds 
========================================================================
Received Import Request.
  Time since last request: 0.000310 seconds.
  path: Assets/Toon_Soldiers/ToonSoldiers_2/models/Materials/textures/ToonSoldiers_texture_olive.tga
  artifactKey: Guid(b05f553e72ddf3944a2362e15c17150c) Importer(815301076,1909f56bfc062723c751e8b465ee728b)
Start importing Assets/Toon_Soldiers/ToonSoldiers_2/models/Materials/textures/ToonSoldiers_texture_olive.tga using Guid(b05f553e72ddf3944a2362e15c17150c) Importer(815301076,1909f56bfc062723c751e8b465ee728b)  -> (artifact id: '5370a71b0b9eb74820a77d7c806cb07c') in 0.022610 seconds 
========================================================================
Received Import Request.
  Time since last request: 0.000323 seconds.
  path: Assets/Toon_Soldiers/ToonSoldiers_2/models/Materials/textures/ToonSoldiers_texture_yellow.tga
  artifactKey: Guid(4a53ef0b2bd0f3b47b0e65565d64f41d) Importer(815301076,1909f56bfc062723c751e8b465ee728b)
Start importing Assets/Toon_Soldiers/ToonSoldiers_2/models/Materials/textures/ToonSoldiers_texture_yellow.tga using Guid(4a53ef0b2bd0f3b47b0e65565d64f41d) Importer(815301076,1909f56bfc062723c751e8b465ee728b)  -> (artifact id: 'e65297959910a7613a9900a862842b79') in 0.020224 seconds 
========================================================================
Received Prepare
Registering precompiled user dll's ...
Registered in 0.002925 seconds.
Begin MonoManager ReloadAssembly
Native extension for WindowsStandalone target not found
Refreshing native plugins compatible for Editor in 1.53 ms, found 0 plugins.
Preloading 0 native plugins for Editor in 0.00 ms.
Mono: successfully reloaded assembly
- Completed reload, in  1.159 seconds
Platform modules already initialized, skipping
Shader 'ASESampleShaders/Terrain/TerrainSnowCoverageFirstPass': dependency 'BaseMapShader' shader 'ASESampleShaders/TerrainBase' not found
Refreshing native plugins compatible for Editor in 1.17 ms, found 0 plugins.
Preloading 0 native plugins for Editor in 0.00 ms.
Unloading 2458 Unused Serialized files (Serialized files now loaded: 0)
System memory in use before: 182.0 MB.
System memory in use after: 180.5 MB.

Unloading 46 unused Assets to reduce memory usage. Loaded Objects now: 3443.
Total: 8.292700 ms (FindLiveObjects: 0.293000 ms CreateObjectMapping: 0.107500 ms MarkObjects: 7.159100 ms  DeleteObjects: 0.731900 ms)

========================================================================
Received Import Request.
  Time since last request: 66.571911 seconds.
  path: Assets/Toon_Soldiers/ToonSoldiers_2/models/Materials/textures/ToonSoldiers_texture_black.tga
  artifactKey: Guid(91b8766b46649b4438c6bea83b807e98) Importer(815301076,1909f56bfc062723c751e8b465ee728b)
Start importing Assets/Toon_Soldiers/ToonSoldiers_2/models/Materials/textures/ToonSoldiers_texture_black.tga using Guid(91b8766b46649b4438c6bea83b807e98) Importer(815301076,1909f56bfc062723c751e8b465ee728b)  -> (artifact id: 'd1c2c001350a9a1f0939a5bc7146e38c') in 0.066571 seconds 
========================================================================
Received Import Request.
  Time since last request: 59.692091 seconds.
  path: Assets/Prefabs/Heroes/Protector.prefab
  artifactKey: Guid(023833396d9ca7a4d94fdc615e609be5) Importer(815301076,1909f56bfc062723c751e8b465ee728b)
Start importing Assets/Prefabs/Heroes/Protector.prefab using Guid(023833396d9ca7a4d94fdc615e609be5) Importer(815301076,1909f56bfc062723c751e8b465ee728b)  -> (artifact id: '1dc5072cef151b7c74406ab7af0c67e9') in 0.050773 seconds 
========================================================================
Received Import Request.
  Time since last request: 25.486324 seconds.
  path: Assets/Prefabs/Heroes/Priest.prefab
  artifactKey: Guid(983bf50fa1433124f8bd3f439784a13e) Importer(815301076,1909f56bfc062723c751e8b465ee728b)
Start importing Assets/Prefabs/Heroes/Priest.prefab using Guid(983bf50fa1433124f8bd3f439784a13e) Importer(815301076,1909f56bfc062723c751e8b465ee728b)  -> (artifact id: 'af23354d0b9eaedb186c0785390824a9') in 0.012892 seconds 
========================================================================
Received Import Request.
  Time since last request: 16.846171 seconds.
  path: Assets/Prefabs/Heroes/Paladin.prefab
  artifactKey: Guid(671187e2799f47a4abec307ac2917725) Importer(815301076,1909f56bfc062723c751e8b465ee728b)
Start importing Assets/Prefabs/Heroes/Paladin.prefab using Guid(671187e2799f47a4abec307ac2917725) Importer(815301076,1909f56bfc062723c751e8b465ee728b)  -> (artifact id: 'ebfd0e42d10c5013655192c3231747bb') in 0.013642 seconds 
========================================================================
Received Import Request.
  Time since last request: 17.135586 seconds.
  path: Assets/Prefabs/Heroes/Warrior.prefab
  artifactKey: Guid(f96babfa24dd2b645a7731524accdec8) Importer(815301076,1909f56bfc062723c751e8b465ee728b)
Start importing Assets/Prefabs/Heroes/Warrior.prefab using Guid(f96babfa24dd2b645a7731524accdec8) Importer(815301076,1909f56bfc062723c751e8b465ee728b)  -> (artifact id: 'e8717f052338d69a78142f8257390cd6') in 0.012633 seconds 
========================================================================
Received Import Request.
  Time since last request: 30.425346 seconds.
  path: Assets/Toon_Soldiers/ToonSoldiers_2/models/weapons/weapon_assault_rifle_A.FBX
  artifactKey: Guid(abc7b86a7ff581f46b9b6de78ebb1ebe) Importer(815301076,1909f56bfc062723c751e8b465ee728b)
Start importing Assets/Toon_Soldiers/ToonSoldiers_2/models/weapons/weapon_assault_rifle_A.FBX using Guid(abc7b86a7ff581f46b9b6de78ebb1ebe) Importer(815301076,1909f56bfc062723c751e8b465ee728b)  -> (artifact id: '6d98b779d6d19be442bff50b7703929f') in 0.106801 seconds 
========================================================================
Received Import Request.
  Time since last request: 0.000225 seconds.
  path: Assets/Toon_Soldiers/ToonSoldiers_2/models/weapons/weapon_medigun.FBX
  artifactKey: Guid(84108197dd9af4844b7b1e350e420ca6) Importer(815301076,1909f56bfc062723c751e8b465ee728b)
Start importing Assets/Toon_Soldiers/ToonSoldiers_2/models/weapons/weapon_medigun.FBX using Guid(84108197dd9af4844b7b1e350e420ca6) Importer(815301076,1909f56bfc062723c751e8b465ee728b)  -> (artifact id: '7b44109b14c9cb2f90117614ddd037c4') in 0.087095 seconds 
========================================================================
Received Import Request.
  Time since last request: 0.000270 seconds.
  path: Assets/Toon_Soldiers/ToonSoldiers_2/models/weapons/weapon_grenade_launcher.FBX
  artifactKey: Guid(57f433ea5dbe48a48aa97c0667835f71) Importer(815301076,1909f56bfc062723c751e8b465ee728b)
Start importing Assets/Toon_Soldiers/ToonSoldiers_2/models/weapons/weapon_grenade_launcher.FBX using Guid(57f433ea5dbe48a48aa97c0667835f71) Importer(815301076,1909f56bfc062723c751e8b465ee728b)  -> (artifact id: '40abf386d0c78c6dbb434fe28b5d1df3') in 0.025372 seconds 
========================================================================
Received Import Request.
  Time since last request: 0.000289 seconds.
  path: Assets/Toon_Soldiers/ToonSoldiers_2/models/weapons/weapon_minigun.FBX
  artifactKey: Guid(cd5d852b293eb1549ad5dab5cb7d726e) Importer(815301076,1909f56bfc062723c751e8b465ee728b)
Start importing Assets/Toon_Soldiers/ToonSoldiers_2/models/weapons/weapon_minigun.FBX using Guid(cd5d852b293eb1549ad5dab5cb7d726e) Importer(815301076,1909f56bfc062723c751e8b465ee728b)  -> (artifact id: '4b689013989bba0ac3c8af2a677f3ead') in 0.022700 seconds 
========================================================================
Received Import Request.
  Time since last request: 0.000215 seconds.
  path: Assets/Toon_Soldiers/ToonSoldiers_2/models/weapons/weapon_heavy_machinegun.FBX
  artifactKey: Guid(ffa9e06975e572e4fa0f7a787ff53157) Importer(815301076,1909f56bfc062723c751e8b465ee728b)
Start importing Assets/Toon_Soldiers/ToonSoldiers_2/models/weapons/weapon_heavy_machinegun.FBX using Guid(ffa9e06975e572e4fa0f7a787ff53157) Importer(815301076,1909f56bfc062723c751e8b465ee728b)  -> (artifact id: 'f32d13f0f9fe53c0165a685af0f3ace3') in 0.024629 seconds 
========================================================================
Received Import Request.
  Time since last request: 0.000260 seconds.
  path: Assets/Toon_Soldiers/ToonSoldiers_2/models/weapons/weapon_assault_rifle_B.FBX
  artifactKey: Guid(367670bab5e20f14899569d00f5f3c4d) Importer(815301076,1909f56bfc062723c751e8b465ee728b)
Start importing Assets/Toon_Soldiers/ToonSoldiers_2/models/weapons/weapon_assault_rifle_B.FBX using Guid(367670bab5e20f14899569d00f5f3c4d) Importer(815301076,1909f56bfc062723c751e8b465ee728b)  -> (artifact id: '1eb5767370fbf750f41e945728fbe03f') in 0.020463 seconds 
========================================================================
Received Import Request.
  Time since last request: 0.000209 seconds.
  path: Assets/Toon_Soldiers/ToonSoldiers_2/models/weapons/weapon_crossbow.FBX
  artifactKey: Guid(3ff234ce9f4f84b4c813f2149bcc5af8) Importer(815301076,1909f56bfc062723c751e8b465ee728b)
Start importing Assets/Toon_Soldiers/ToonSoldiers_2/models/weapons/weapon_crossbow.FBX using Guid(3ff234ce9f4f84b4c813f2149bcc5af8) Importer(815301076,1909f56bfc062723c751e8b465ee728b)  -> (artifact id: '915b81bad7b1ff8816a7a3787aa46287') in 0.021578 seconds 
========================================================================
Received Import Request.
  Time since last request: 0.000304 seconds.
  path: Assets/Toon_Soldiers/ToonSoldiers_2/models/weapons/weapon_submachinegun.FBX
  artifactKey: Guid(a59670924a782844eba004b28831683c) Importer(815301076,1909f56bfc062723c751e8b465ee728b)
Start importing Assets/Toon_Soldiers/ToonSoldiers_2/models/weapons/weapon_submachinegun.FBX using Guid(a59670924a782844eba004b28831683c) Importer(815301076,1909f56bfc062723c751e8b465ee728b)  -> (artifact id: '43c12fdc79b18bebfac5ed6d46d5e504') in 0.020186 seconds 
========================================================================
Received Import Request.
  Time since last request: 0.000221 seconds.
  path: Assets/Toon_Soldiers/ToonSoldiers_2/models/weapons/weapon_revolver.FBX
  artifactKey: Guid(5889cc033face224187fc217c9050b80) Importer(815301076,1909f56bfc062723c751e8b465ee728b)
Start importing Assets/Toon_Soldiers/ToonSoldiers_2/models/weapons/weapon_revolver.FBX using Guid(5889cc033face224187fc217c9050b80) Importer(815301076,1909f56bfc062723c751e8b465ee728b)  -> (artifact id: '7e6f6d9b89e241947a4636d20588af4c') in 0.021320 seconds 
========================================================================
Received Import Request.
  Time since last request: 0.000183 seconds.
  path: Assets/Toon_Soldiers/ToonSoldiers_2/models/weapons/weapon_flamethrower.FBX
  artifactKey: Guid(a49b5c51569d70042815c69457c7238e) Importer(815301076,1909f56bfc062723c751e8b465ee728b)
Start importing Assets/Toon_Soldiers/ToonSoldiers_2/models/weapons/weapon_flamethrower.FBX using Guid(a49b5c51569d70042815c69457c7238e) Importer(815301076,1909f56bfc062723c751e8b465ee728b)  -> (artifact id: '1c72b6e8206231f92e05eddaecd6845d') in 0.087445 seconds 
========================================================================
Received Import Request.
  Time since last request: 0.000203 seconds.
  path: Assets/Toon_Soldiers/ToonSoldiers_2/models/weapons/weapon_sniper_rifle.FBX
  artifactKey: Guid(f4a2aeae66e02574fba4d5ad81cafdf1) Importer(815301076,1909f56bfc062723c751e8b465ee728b)
Start importing Assets/Toon_Soldiers/ToonSoldiers_2/models/weapons/weapon_sniper_rifle.FBX using Guid(f4a2aeae66e02574fba4d5ad81cafdf1) Importer(815301076,1909f56bfc062723c751e8b465ee728b)  -> (artifact id: '43f01fef383488c0db302cf37bcc63fe') in 0.019491 seconds 
========================================================================
Received Import Request.
  Time since last request: 0.000179 seconds.
  path: Assets/Toon_Soldiers/ToonSoldiers_2/models/weapons/weapon_shotgun.FBX
  artifactKey: Guid(5538740e3725df649ab989c032865338) Importer(815301076,1909f56bfc062723c751e8b465ee728b)
Start importing Assets/Toon_Soldiers/ToonSoldiers_2/models/weapons/weapon_shotgun.FBX using Guid(5538740e3725df649ab989c032865338) Importer(815301076,1909f56bfc062723c751e8b465ee728b)  -> (artifact id: '93451c25937a859d4691db2e325d240e') in 0.023989 seconds 
========================================================================
Received Import Request.
  Time since last request: 0.000249 seconds.
  path: Assets/Toon_Soldiers/ToonSoldiers_2/models/weapons/weapon_welder.FBX
  artifactKey: Guid(88c45e101050b9d42aa9db450c5f06c8) Importer(815301076,1909f56bfc062723c751e8b465ee728b)
Start importing Assets/Toon_Soldiers/ToonSoldiers_2/models/weapons/weapon_welder.FBX using Guid(88c45e101050b9d42aa9db450c5f06c8) Importer(815301076,1909f56bfc062723c751e8b465ee728b)  -> (artifact id: 'ba16220ba0c8e853580975cc78c58c8b') in 0.026267 seconds 
========================================================================
Received Import Request.
  Time since last request: 0.000214 seconds.
  path: Assets/Toon_Soldiers/ToonSoldiers_2/models/weapons/weapon_knife.FBX
  artifactKey: Guid(75061fe987d18a84b8bd0305c9330545) Importer(815301076,1909f56bfc062723c751e8b465ee728b)
Start importing Assets/Toon_Soldiers/ToonSoldiers_2/models/weapons/weapon_knife.FBX using Guid(75061fe987d18a84b8bd0305c9330545) Importer(815301076,1909f56bfc062723c751e8b465ee728b)  -> (artifact id: 'c2c5bd1456908ac4079907b0d3f5e35a') in 0.019814 seconds 
========================================================================
Received Import Request.
  Time since last request: 0.000212 seconds.
  path: Assets/Toon_Soldiers/ToonSoldiers_2/models/weapons/weapon_light_machinegun.FBX
  artifactKey: Guid(c428558998a748c49b91556a1288179e) Importer(815301076,1909f56bfc062723c751e8b465ee728b)
Start importing Assets/Toon_Soldiers/ToonSoldiers_2/models/weapons/weapon_light_machinegun.FBX using Guid(c428558998a748c49b91556a1288179e) Importer(815301076,1909f56bfc062723c751e8b465ee728b)  -> (artifact id: 'def2821893e95de6fce343d296361382') in 0.025279 seconds 
========================================================================
Received Import Request.
  Time since last request: 0.000200 seconds.
  path: Assets/Toon_Soldiers/ToonSoldiers_2/models/weapons/weapon_handgun.FBX
  artifactKey: Guid(5977258d1679e6c43bceba1941e91837) Importer(815301076,1909f56bfc062723c751e8b465ee728b)
Start importing Assets/Toon_Soldiers/ToonSoldiers_2/models/weapons/weapon_handgun.FBX using Guid(5977258d1679e6c43bceba1941e91837) Importer(815301076,1909f56bfc062723c751e8b465ee728b)  -> (artifact id: '7fbcc151a41b6b6edf97b4b2005a9a51') in 0.022045 seconds 
========================================================================
Received Import Request.
  Time since last request: 0.000281 seconds.
  path: Assets/Toon_Soldiers/ToonSoldiers_2/models/weapons/weapon_needle_gun.FBX
  artifactKey: Guid(3bc96c8603d4eb54ebf729d54c38063b) Importer(815301076,1909f56bfc062723c751e8b465ee728b)
Start importing Assets/Toon_Soldiers/ToonSoldiers_2/models/weapons/weapon_needle_gun.FBX using Guid(3bc96c8603d4eb54ebf729d54c38063b) Importer(815301076,1909f56bfc062723c751e8b465ee728b)  -> (artifact id: 'b149739a07226f81c26b896f023e2496') in 0.023394 seconds 
========================================================================
Received Import Request.
  Time since last request: 0.000197 seconds.
  path: Assets/Toon_Soldiers/ToonSoldiers_2/models/weapons/weapon_rocket_launcher.FBX
  artifactKey: Guid(58783c040727c42488d50ed002a8ad86) Importer(815301076,1909f56bfc062723c751e8b465ee728b)
Start importing Assets/Toon_Soldiers/ToonSoldiers_2/models/weapons/weapon_rocket_launcher.FBX using Guid(58783c040727c42488d50ed002a8ad86) Importer(815301076,1909f56bfc062723c751e8b465ee728b)  -> (artifact id: '41b77893580260730e97a0a215d51ad3') in 0.023806 seconds 
========================================================================
Received Import Request.
  Time since last request: 0.000283 seconds.
  path: Assets/Toon_Soldiers/ToonSoldiers_2/models/weapons/weapon_wrench.FBX
  artifactKey: Guid(b992d776d037ac949b10ee7851df757e) Importer(815301076,1909f56bfc062723c751e8b465ee728b)
Start importing Assets/Toon_Soldiers/ToonSoldiers_2/models/weapons/weapon_wrench.FBX using Guid(b992d776d037ac949b10ee7851df757e) Importer(815301076,1909f56bfc062723c751e8b465ee728b)  -> (artifact id: 'e23ab7f2035364b4cbb5f8aa56a151c7') in 0.022268 seconds 
========================================================================
Received Import Request.
  Time since last request: 11.318986 seconds.
  path: Assets/Prefabs/Heroes/Rogue.prefab
  artifactKey: Guid(c95e34e4d77352b41b3bf7ded7438559) Importer(815301076,1909f56bfc062723c751e8b465ee728b)
Start importing Assets/Prefabs/Heroes/Rogue.prefab using Guid(c95e34e4d77352b41b3bf7ded7438559) Importer(815301076,1909f56bfc062723c751e8b465ee728b)  -> (artifact id: '855eabeacb7147858159b8459cf595b5') in 0.062946 seconds 
========================================================================
Received Prepare
Registering precompiled user dll's ...
Registered in 0.002922 seconds.
Begin MonoManager ReloadAssembly
Native extension for WindowsStandalone target not found
Refreshing native plugins compatible for Editor in 0.81 ms, found 0 plugins.
Preloading 0 native plugins for Editor in 0.00 ms.
Mono: successfully reloaded assembly
- Completed reload, in  1.026 seconds
Platform modules already initialized, skipping
Shader 'ASESampleShaders/Terrain/TerrainSnowCoverageFirstPass': dependency 'BaseMapShader' shader 'ASESampleShaders/TerrainBase' not found
Refreshing native plugins compatible for Editor in 0.79 ms, found 0 plugins.
Preloading 0 native plugins for Editor in 0.00 ms.
Unloading 2451 Unused Serialized files (Serialized files now loaded: 0)
System memory in use before: 183.1 MB.
System memory in use after: 181.6 MB.

Unloading 47 unused Assets to reduce memory usage. Loaded Objects now: 3466.
Total: 6.721000 ms (FindLiveObjects: 0.291700 ms CreateObjectMapping: 0.104800 ms MarkObjects: 5.479800 ms  DeleteObjects: 0.843100 ms)

