Using pre-set license
Built from '2021.1/staging' branch; Version is '2021.1.5f1 (3737af19df53) revision 3618735'; Using compiler version '192528614'; Build Type 'Release'
OS: 'Windows 10 Pro; OS build 19042.928; Version 2009; 64bit' Language: 'pt' Physical Memory: 12230 MB
BatchMode: 1, IsHumanControllingUs: 0, StartBugReporterOnCrash: 0, Is64bit: 1, IsPro: 0

 COMMAND LINE ARGUMENTS:
D:\Unity\2021.1.5f1\Editor\Unity.exe
-adb2
-batchMode
-noUpm
-name
AssetImportWorker0
-projectPath
C:/Users/gianc/Documents/2021-1-JD-Eq3/Fight Chess
-logFile
Logs/AssetImportWorker0.log
-srvPort
55924
Successfully changed project path to: C:/Users/gianc/Documents/2021-1-JD-Eq3/Fight Chess
C:/Users/gianc/Documents/2021-1-JD-Eq3/Fight Chess
Using Asset Import Pipeline V2.
Refreshing native plugins compatible for Editor in 86.71 ms, found 2 plugins.
Preloading 0 native plugins for Editor in 0.00 ms.
Initialize engine version: 2021.1.5f1 (3737af19df53)
[Subsystems] Discovering subsystems at path D:/Unity/2021.1.5f1/Editor/Data/Resources/UnitySubsystems
[Subsystems] Discovering subsystems at path C:/Users/gianc/Documents/2021-1-JD-Eq3/Fight Chess/Assets
GfxDevice: creating device client; threaded=0; jobified=0
Direct3D:
    Version:  Direct3D 11.0 [level 11.1]
    Renderer: NVIDIA GeForce GTX 970 (ID=0x13c2)
    Vendor:   NVIDIA
    VRAM:     4043 MB
    Driver:   27.21.14.5671
Initialize mono
Mono path[0] = 'D:/Unity/2021.1.5f1/Editor/Data/Managed'
Mono path[1] = 'D:/Unity/2021.1.5f1/Editor/Data/MonoBleedingEdge/lib/mono/unityjit'
Mono config path = 'D:/Unity/2021.1.5f1/Editor/Data/MonoBleedingEdge/etc'
Using monoOptions --debugger-agent=transport=dt_socket,embedding=1,server=y,suspend=n,address=127.0.0.1:56480
Begin MonoManager ReloadAssembly
Registering precompiled unity dll's ...
Register platform support module: D:/Unity/2021.1.5f1/Editor/Data/PlaybackEngines/WindowsStandaloneSupport/UnityEditor.WindowsStandalone.Extensions.dll
Registered in 0.000937 seconds.
Native extension for WindowsStandalone target not found
Refreshing native plugins compatible for Editor in 84.89 ms, found 2 plugins.
Preloading 0 native plugins for Editor in 0.00 ms.
Mono: successfully reloaded assembly
- Completed reload, in  1.012 seconds
Platform modules already initialized, skipping
Registering precompiled user dll's ...
Registered in 0.003764 seconds.
Begin MonoManager ReloadAssembly
Native extension for WindowsStandalone target not found
Refreshing native plugins compatible for Editor in 100.68 ms, found 2 plugins.
Preloading 0 native plugins for Editor in 0.00 ms.
Mono: successfully reloaded assembly
- Completed reload, in  1.251 seconds
Platform modules already initialized, skipping
========================================================================
Worker process is ready to serve import requests
Launched and connected shader compiler UnityShaderCompiler.exe after 0.06 seconds
Refreshing native plugins compatible for Editor in 0.63 ms, found 2 plugins.
Preloading 0 native plugins for Editor in 0.00 ms.
Unloading 3370 Unused Serialized files (Serialized files now loaded: 0)
System memory in use before: 127.7 MB.
System memory in use after: 127.9 MB.

Unloading 24 unused Assets to reduce memory usage. Loaded Objects now: 3827.
Total: 4.320100 ms (FindLiveObjects: 0.713800 ms CreateObjectMapping: 0.398900 ms MarkObjects: 3.034300 ms  DeleteObjects: 0.170300 ms)

========================================================================
Received Import Request.
  path: Assets/ToonyTinyPeople/TT_soldiers_Demo
  artifactKey: Guid(91160a9e69ea8cc46a677e1e0d28835d) Importer(815301076,1909f56bfc062723c751e8b465ee728b)
Start importing Assets/ToonyTinyPeople/TT_soldiers_Demo using Guid(91160a9e69ea8cc46a677e1e0d28835d) Importer(815301076,1909f56bfc062723c751e8b465ee728b)  -> (artifact id: 'ae4902da8776fb755ca9eda235e1366f') in 0.015053 seconds 
========================================================================
Received Import Request.
  Time since last request: 0.000239 seconds.
  path: Assets/ToonyTinyPeople
  artifactKey: Guid(ec3005fc31ee83749b2e111e0c36ce93) Importer(815301076,1909f56bfc062723c751e8b465ee728b)
Start importing Assets/ToonyTinyPeople using Guid(ec3005fc31ee83749b2e111e0c36ce93) Importer(815301076,1909f56bfc062723c751e8b465ee728b)  -> (artifact id: 'e0bc69e2e99eec45e2e11576b0808349') in 0.007226 seconds 
AssetImportWorkerClient::OnTransportError - code=2 error=End of file
